<?xml version="1.0" encoding="UTF-8"?>
<!-- Generated by org.testng.reporters.JUnitXMLReporter -->
<testsuite ignored="0" hostname="MacBook-Pro.local" failures="1" tests="2" name="Surefire test" time="22.742" errors="0" timestamp="03 Mar. 2021 19:30:51 GMT">
  <testcase classname="com.qa.IspeakBetter2021.tests.HomePageTest" name="verifyHomePageTitle" time="0.001">
    <failure type="java.lang.NullPointerException" message="Cannot invoke &amp;quot;com.qa.IspeakBetter2021.page.HomePage.getHomePageTitle()&amp;quot; because &amp;quot;this.homePage&amp;quot; is null">
      <![CDATA[java.lang.NullPointerException: Cannot invoke "com.qa.IspeakBetter2021.page.HomePage.getHomePageTitle()" because "this.homePage" is null
at com.qa.IspeakBetter2021.tests.HomePageTest.verifyHomePageTitle(HomePageTest.java:36)
... Removed 30 stack frames]]>
    </failure>
  </testcase> <!-- verifyHomePageTitle -->
  <testcase classname="com.qa.IspeakBetter2021.tests.LoginPageTest" name="verifyLoginPageTitleTest" time="5.015"/>
</testsuite> <!-- Surefire test -->
