-------------------------------------------------------------------------------
Test set: TestSuite
-------------------------------------------------------------------------------
Tests run: 2, Failures: 1, Errors: 0, Skipped: 0, Time elapsed: 27.965 s <<< FAILURE! - in TestSuite
verifyHomePageTitle(com.qa.IspeakBetter2021.tests.HomePageTest)  Time elapsed: 0.007 s  <<< FAILURE!
java.lang.NullPointerException: Cannot invoke "com.qa.IspeakBetter2021.page.HomePage.getHomePageTitle()" because "this.homePage" is null
	at com.qa.IspeakBetter2021.tests.HomePageTest.verifyHomePageTitle(HomePageTest.java:36)

