<?xml version="1.0" encoding="UTF-8"?>
<testng-results ignored="0" total="2" passed="1" failed="1" skipped="0">
  <reporter-output>
  </reporter-output>
  <suite started-at="2021-03-03T19:30:23Z" name="Surefire suite" finished-at="2021-03-03T19:30:46Z" duration-ms="22742">
    <groups>
    </groups>
    <test started-at="2021-03-03T19:30:23Z" name="Surefire test" finished-at="2021-03-03T19:30:46Z" duration-ms="22742">
      <class name="com.qa.IspeakBetter2021.tests.HomePageTest">
        <test-method is-config="true" signature="serUp()[pri:0, instance:com.qa.IspeakBetter2021.tests.HomePageTest@7113b13f]" started-at="2021-03-03T19:30:23Z" name="serUp" finished-at="2021-03-03T19:30:34Z" duration-ms="10983" status="PASS">
          <reporter-output>
          </reporter-output>
        </test-method> <!-- serUp -->
        <test-method signature="verifyHomePageTitle()[pri:1, instance:com.qa.IspeakBetter2021.tests.HomePageTest@7113b13f]" started-at="2021-03-03T19:30:34Z" name="verifyHomePageTitle" description="verify home page title" finished-at="2021-03-03T19:30:34Z" duration-ms="1" status="FAIL">
          <exception class="java.lang.NullPointerException">
            <message>
              <![CDATA[Cannot invoke "com.qa.IspeakBetter2021.page.HomePage.getHomePageTitle()" because "this.homePage" is null]]>
            </message>
            <full-stacktrace>
              <![CDATA[java.lang.NullPointerException: Cannot invoke "com.qa.IspeakBetter2021.page.HomePage.getHomePageTitle()" because "this.homePage" is null
at com.qa.IspeakBetter2021.tests.HomePageTest.verifyHomePageTitle(HomePageTest.java:36)
at java.base/jdk.internal.reflect.NativeMethodAccessorImpl.invoke0(Native Method)
at java.base/jdk.internal.reflect.NativeMethodAccessorImpl.invoke(NativeMethodAccessorImpl.java:64)
at java.base/jdk.internal.reflect.DelegatingMethodAccessorImpl.invoke(DelegatingMethodAccessorImpl.java:43)
at java.base/java.lang.reflect.Method.invoke(Method.java:564)
at org.testng.internal.MethodInvocationHelper.invokeMethod(MethodInvocationHelper.java:124)
at org.testng.internal.Invoker.invokeMethod(Invoker.java:583)
at org.testng.internal.Invoker.invokeTestMethod(Invoker.java:719)
at org.testng.internal.Invoker.invokeTestMethods(Invoker.java:989)
at org.testng.internal.TestMethodWorker.invokeTestMethods(TestMethodWorker.java:125)
at org.testng.internal.TestMethodWorker.run(TestMethodWorker.java:109)
at org.testng.TestRunner.privateRun(TestRunner.java:648)
at org.testng.TestRunner.run(TestRunner.java:505)
at org.testng.SuiteRunner.runTest(SuiteRunner.java:455)
at org.testng.SuiteRunner.runSequentially(SuiteRunner.java:450)
at org.testng.SuiteRunner.privateRun(SuiteRunner.java:415)
at org.testng.SuiteRunner.run(SuiteRunner.java:364)
at org.testng.SuiteRunnerWorker.runSuite(SuiteRunnerWorker.java:52)
at org.testng.SuiteRunnerWorker.run(SuiteRunnerWorker.java:84)
at org.testng.TestNG.runSuitesSequentially(TestNG.java:1208)
at org.testng.TestNG.runSuitesLocally(TestNG.java:1137)
at org.testng.TestNG.runSuites(TestNG.java:1049)
at org.testng.TestNG.run(TestNG.java:1017)
at org.apache.maven.surefire.testng.TestNGExecutor.run(TestNGExecutor.java:135)
at org.apache.maven.surefire.testng.TestNGDirectoryTestSuite.executeMulti(TestNGDirectoryTestSuite.java:193)
at org.apache.maven.surefire.testng.TestNGDirectoryTestSuite.execute(TestNGDirectoryTestSuite.java:94)
at org.apache.maven.surefire.testng.TestNGProvider.invoke(TestNGProvider.java:146)
at org.apache.maven.surefire.booter.ForkedBooter.invokeProviderInSameClassLoader(ForkedBooter.java:384)
at org.apache.maven.surefire.booter.ForkedBooter.runSuitesInProcess(ForkedBooter.java:345)
at org.apache.maven.surefire.booter.ForkedBooter.execute(ForkedBooter.java:126)
at org.apache.maven.surefire.booter.ForkedBooter.main(ForkedBooter.java:418)
]]>
            </full-stacktrace>
          </exception> <!-- java.lang.NullPointerException -->
          <reporter-output>
          </reporter-output>
        </test-method> <!-- verifyHomePageTitle -->
        <test-method is-config="true" signature="tearDown()[pri:0, instance:com.qa.IspeakBetter2021.tests.HomePageTest@7113b13f]" started-at="2021-03-03T19:30:34Z" name="tearDown" finished-at="2021-03-03T19:30:34Z" duration-ms="99" status="PASS">
          <reporter-output>
          </reporter-output>
        </test-method> <!-- tearDown -->
      </class> <!-- com.qa.IspeakBetter2021.tests.HomePageTest -->
      <class name="com.qa.IspeakBetter2021.tests.LoginPageTest">
        <test-method is-config="true" signature="setUp()[pri:0, instance:com.qa.IspeakBetter2021.tests.LoginPageTest@45820e51]" started-at="2021-03-03T19:30:34Z" name="setUp" finished-at="2021-03-03T19:30:41Z" duration-ms="6525" status="PASS">
          <reporter-output>
          </reporter-output>
        </test-method> <!-- setUp -->
        <test-method signature="verifyLoginPageTitleTest()[pri:1, instance:com.qa.IspeakBetter2021.tests.LoginPageTest@45820e51]" started-at="2021-03-03T19:30:41Z" name="verifyLoginPageTitleTest" description="verify page title method " finished-at="2021-03-03T19:30:46Z" duration-ms="5015" status="PASS">
          <reporter-output>
          </reporter-output>
        </test-method> <!-- verifyLoginPageTitleTest -->
        <test-method is-config="true" signature="tearDown()[pri:0, instance:com.qa.IspeakBetter2021.tests.LoginPageTest@45820e51]" started-at="2021-03-03T19:30:46Z" name="tearDown" finished-at="2021-03-03T19:30:46Z" duration-ms="97" status="PASS">
          <reporter-output>
          </reporter-output>
        </test-method> <!-- tearDown -->
      </class> <!-- com.qa.IspeakBetter2021.tests.LoginPageTest -->
    </test> <!-- Surefire test -->
  </suite> <!-- Surefire suite -->
</testng-results>
